<?xml version="1.0" encoding="UTF-8"?>
<testsuite xmlns:xsi="http://www.w3.org/2001/XMLSchema-instance" xsi:noNamespaceSchemaLocation="https://maven.apache.org/surefire/maven-surefire-plugin/xsd/surefire-test-report-3.0.xsd" version="3.0" name="estudodetestes.model.TrianguloTest" time="0.093" tests="15" errors="0" skipped="0" failures="0">
  <properties>
    <property name="java.specification.version" value="17"/>
    <property name="sun.cpu.isalist" value="amd64"/>
    <property name="sun.jnu.encoding" value="Cp1252"/>
    <property name="java.class.path" value="C:\Desenvolvimento\aula-uniandrade\java-maven-eclipse\target\test-classes;C:\Desenvolvimento\aula-uniandrade\java-maven-eclipse\target\classes;C:\Users\kanes\.m2\repository\org\junit\jupiter\junit-jupiter-api\5.7.0\junit-jupiter-api-5.7.0.jar;C:\Users\kanes\.m2\repository\org\apiguardian\apiguardian-api\1.1.0\apiguardian-api-1.1.0.jar;C:\Users\kanes\.m2\repository\org\opentest4j\opentest4j\1.2.0\opentest4j-1.2.0.jar;C:\Users\kanes\.m2\repository\org\junit\platform\junit-platform-commons\1.7.0\junit-platform-commons-1.7.0.jar;C:\Users\kanes\.m2\repository\org\junit\jupiter\junit-jupiter-engine\5.7.0\junit-jupiter-engine-5.7.0.jar;C:\Users\kanes\.m2\repository\org\junit\platform\junit-platform-engine\1.7.0\junit-platform-engine-1.7.0.jar;"/>
    <property name="java.vm.vendor" value="Oracle Corporation"/>
    <property name="sun.arch.data.model" value="64"/>
    <property name="user.variant" value=""/>
    <property name="java.vendor.url" value="https://java.oracle.com/"/>
    <property name="user.timezone" value="America/Sao_Paulo"/>
    <property name="os.name" value="Windows 10"/>
    <property name="java.vm.specification.version" value="17"/>
    <property name="sun.java.launcher" value="SUN_STANDARD"/>
    <property name="user.country" value="BR"/>
    <property name="sun.boot.library.path" value="C:\Program Files\Java\jdk-17.0.1\bin"/>
    <property name="sun.java.command" value="C:\Users\kanes\AppData\Local\Temp\surefire4605769721441532260\surefirebooter-20240928190302336_3.jar C:\Users\kanes\AppData\Local\Temp\surefire4605769721441532260 2024-09-28T19-03-02_151-jvmRun1 surefire-20240928190302336_1tmp surefire_0-20240928190302336_2tmp"/>
    <property name="jdk.debug" value="release"/>
    <property name="surefire.test.class.path" value="C:\Desenvolvimento\aula-uniandrade\java-maven-eclipse\target\test-classes;C:\Desenvolvimento\aula-uniandrade\java-maven-eclipse\target\classes;C:\Users\kanes\.m2\repository\org\junit\jupiter\junit-jupiter-api\5.7.0\junit-jupiter-api-5.7.0.jar;C:\Users\kanes\.m2\repository\org\apiguardian\apiguardian-api\1.1.0\apiguardian-api-1.1.0.jar;C:\Users\kanes\.m2\repository\org\opentest4j\opentest4j\1.2.0\opentest4j-1.2.0.jar;C:\Users\kanes\.m2\repository\org\junit\platform\junit-platform-commons\1.7.0\junit-platform-commons-1.7.0.jar;C:\Users\kanes\.m2\repository\org\junit\jupiter\junit-jupiter-engine\5.7.0\junit-jupiter-engine-5.7.0.jar;C:\Users\kanes\.m2\repository\org\junit\platform\junit-platform-engine\1.7.0\junit-platform-engine-1.7.0.jar;"/>
    <property name="sun.cpu.endian" value="little"/>
    <property name="user.home" value="C:\Users\kanes"/>
    <property name="user.language" value="pt"/>
    <property name="java.specification.vendor" value="Oracle Corporation"/>
    <property name="java.version.date" value="2021-10-19"/>
    <property name="java.home" value="C:\Program Files\Java\jdk-17.0.1"/>
    <property name="file.separator" value="\"/>
    <property name="style.color" value="always"/>
    <property name="basedir" value="C:\Desenvolvimento\aula-uniandrade\java-maven-eclipse"/>
    <property name="java.vm.compressedOopsMode" value="Zero based"/>
    <property name="line.separator" value="&#10;"/>
    <property name="java.vm.specification.vendor" value="Oracle Corporation"/>
    <property name="java.specification.name" value="Java Platform API Specification"/>
    <property name="surefire.real.class.path" value="C:\Users\kanes\AppData\Local\Temp\surefire4605769721441532260\surefirebooter-20240928190302336_3.jar"/>
    <property name="user.script" value=""/>
    <property name="sun.management.compiler" value="HotSpot 64-Bit Tiered Compilers"/>
    <property name="java.runtime.version" value="17.0.1+12-LTS-39"/>
    <property name="user.name" value="kanes"/>
    <property name="path.separator" value=";"/>
    <property name="os.version" value="10.0"/>
    <property name="java.runtime.name" value="Java(TM) SE Runtime Environment"/>
    <property name="file.encoding" value="Cp1252"/>
    <property name="java.vm.name" value="Java HotSpot(TM) 64-Bit Server VM"/>
    <property name="localRepository" value="C:\Users\kanes\.m2\repository"/>
    <property name="java.vendor.url.bug" value="https://bugreport.java.com/bugreport/"/>
    <property name="java.io.tmpdir" value="C:\Users\kanes\AppData\Local\Temp\"/>
    <property name="java.version" value="17.0.1"/>
    <property name="user.dir" value="C:\Desenvolvimento\aula-uniandrade\java-maven-eclipse"/>
    <property name="os.arch" value="amd64"/>
    <property name="java.vm.specification.name" value="Java Virtual Machine Specification"/>
    <property name="sun.os.patch.level" value=""/>
    <property name="native.encoding" value="Cp1252"/>
    <property name="java.library.path" value="C:\Program Files\Java\jdk-17.0.1\bin;C:\WINDOWS\Sun\Java\bin;C:\WINDOWS\system32;C:\WINDOWS;C:/Program Files/Java/jdk-21.0.1/bin/server;C:/Program Files/Java/jdk-21.0.1/bin;C:\Program Files\Eclipse Adoptium\jdk-17.0.7.7-hotspot\bin;C:\Python310\Scripts\;C:\Python310\;C:\Program Files\Common Files\Oracle\Java\javapath;C:\Program Files (x86)\Common Files\Oracle\Java\java8path;C:\Program Files (x86)\Common Files\Oracle\Java\javapath;C:\Program Files (x86)\Common Files\Intel\Shared Libraries\redist\intel64\compiler;C:\chromedriver;C:\Program Files (x86)\Microsoft SDKs\VSTS\CLI\wbin;C:\Windows\system32;C:\Windows;C:\Windows\System32\Wbem;C:\Windows\System32\WindowsPowerShell\v1.0\;C:\Windows\System32\OpenSSH\;C:\Program Files (x86)\NVIDIA Corporation\PhysX\Common;C:\Program Files\NVIDIA Corporation\NVIDIA NvDLISR;C:\Program Files\Git\cmd;C:\xampp\php;C:\composer;C:\WINDOWS\system32;C:\WINDOWS;C:\WINDOWS\System32\Wbem;C:\WINDOWS\System32\WindowsPowerShell\v1.0\;C:\WINDOWS\System32\OpenSSH\;C:\ProgramData\chocolatey\bin;C:\Program Files\OpenJDK\openjdk-8u262-b10\bin;C:\users\kanes\AppData\Local\Android\Sdk\platform-tools;C:\Program Files\nodejs;C:\Users\kanes\AppData\Local\Android\Sdk\platform-tools;C:\Program Files\Java\jdk-11.0.12\bin;C:\Program Files\Common Files\Autodesk Shared\;C:\Program Files\Microsoft SQL Server\120\Tools\Binn\;C:\Program Files\Python\Python38;C:\Program Files\Python\Python38\Scripts;C:\Program Files\dotnet\;C:\apache-maven-3.8.4\bin;C:\Program Files\Microsoft SQL Server\150\Tools\Binn\;C:\Program Files\Microsoft SQL Server\Client SDK\ODBC\170\Tools\Binn\;C:\Program Files (x86)\Microsoft SQL Server\150\DTS\Binn\;C:\Program Files\Azure Data Studio\bin;C:\Program Files (x86)\Microsoft SQL Server\150\Tools\Binn\;C:\Program Files\Microsoft SQL Server\150\DTS\Binn\;c:\Program Files (x86)\Microsoft SQL Server\90\Tools\binn\;C:\src\flutter\bin;C:\Users\kanes\AppData\Local\Pub\Cache\bin;C:\Program Files\Java\jre1.8.0_331\bin;C:\Program Files\PostgreSQL\13\bin;C:\Program Files\Docker\Docker\resources\bin;C:\WINDOWS\system32;C:\WINDOWS;C:\WINDOWS\System32\Wbem;C:\WINDOWS\System32\WindowsPowerShell\v1.0\;C:\WINDOWS\System32\OpenSSH\;C:\Program Files\Java\jdk-11.0.12\bin;C:\Program Files\Rancher Desktop\resources\resources\win32\bin\;C:\Program Files\Rancher Desktop\resources\resources\linux\bin\;C:\Program Files\nodejs\;C:\Users\kanes\AppData\Local\Microsoft\WindowsApps;C:\Program Files\JetBrains\PyCharm Community Edition 2019.2.3\bin;C:\Program Files\heroku\bin;C:\Users\kanes\AppData\Local\Programs\Microsoft VS Code\bin;C:\Users\kanes\AppData\Roaming\Composer\vendor\bin;C:\Program Files\Python\Python38\Scripts;C:\Program Files\JetBrains\PhpStorm 2020.1.1\bin;C:\src\flutter\bin;C:\tools\dart-sdk\bin;C:\Users\kanes\AppData\Roaming\Pub\Cache\bin;C:\Users\kanes\AppData\Local\Microsoft\WindowsApps;C:\Users\kanes\.dotnet\tools;C:\Program Files\Azure Data Studio\bin;C:\Users\kanes\AppData\Local\GitHubDesktop\bin;C:\Users\kanes\AppData\Local\Pub\Cache\bin;C:\Program Files\Java\jre1.8.0_331\bin;C:\apache-maven-3.8.4\bin;C:\Users\kanes\AppData\Roaming\npm;C:\WINDOWS\system32;;."/>
    <property name="java.vm.info" value="mixed mode, sharing"/>
    <property name="java.vendor" value="Oracle Corporation"/>
    <property name="java.vm.version" value="17.0.1+12-LTS-39"/>
    <property name="sun.io.unicode.encoding" value="UnicodeLittle"/>
    <property name="java.class.version" value="61.0"/>
  </properties>
  <testcase name="testLadoBNegativo" classname="estudodetestes.model.TrianguloTest" time="0.033"/>
  <testcase name="testTodosOsLadosZero" classname="estudodetestes.model.TrianguloTest" time="0.001"/>
  <testcase name="testSomaLadoAComLadoCMenorQueLadoB" classname="estudodetestes.model.TrianguloTest" time="0.002"/>
  <testcase name="testTrianguloComValorZero" classname="estudodetestes.model.TrianguloTest" time="0.001"/>
  <testcase name="testTrianguloIsoscelesValido" classname="estudodetestes.model.TrianguloTest" time="0.001"/>
  <testcase name="testTrianguloEquilateroValido" classname="estudodetestes.model.TrianguloTest" time="0.001"/>
  <testcase name="testSomaDeDoisLadosMenorQueOTerceiro" classname="estudodetestes.model.TrianguloTest" time="0.001"/>
  <testcase name="testTrianguloComValorNegativo" classname="estudodetestes.model.TrianguloTest" time="0.001"/>
  <testcase name="testSomaDeDoisLadosIgualAoTerceiro" classname="estudodetestes.model.TrianguloTest" time="0.001"/>
  <testcase name="testTrianguloEscalenoValido" classname="estudodetestes.model.TrianguloTest" time="0.001"/>
  <testcase name="testSomaLadoBComLadoCMenorQueLadoA" classname="estudodetestes.model.TrianguloTest" time="0.002"/>
  <testcase name="testTrianguloIsoscelesPermutacao1" classname="estudodetestes.model.TrianguloTest" time="0.001"/>
  <testcase name="testTrianguloIsoscelesPermutacao2" classname="estudodetestes.model.TrianguloTest" time="0.0"/>
  <testcase name="testLadoAZero" classname="estudodetestes.model.TrianguloTest" time="0.002"/>
  <testcase name="testLadoCZero" classname="estudodetestes.model.TrianguloTest" time="0.001"/>
</testsuite>